f:\0\luaspq-1.1\luaspq-1.1\projectarm\wluaspq.dir\debug\vc120.pdb
f:\0\luaspq-1.1\luaspq-1.1\projectarm\wluaspq.dir\debug\lua.obj
f:\0\luaspq-1.1\luaspq-1.1\projectarm\wluaspq.dir\debug\wmain.obj
f:\0\luaspq-1.1\luaspq-1.1\projectarm\cmakefiles\generate.stamp
f:\0\luaspq-1.1\luaspq-1.1\projectarm\debug\wluaspq.ilk
f:\0\luaspq-1.1\luaspq-1.1\projectarm\debug\wluaspq.exe
f:\0\luaspq-1.1\luaspq-1.1\projectarm\debug\wluaspq.pdb
f:\0\luaspq-1.1\luaspq-1.1\projectarm\wluaspq.dir\debug\lua.res
f:\0\luaspq-1.1\luaspq-1.1\projectarm\wluaspq.dir\debug\wluaspq.tlog\cl.command.1.tlog
f:\0\luaspq-1.1\luaspq-1.1\projectarm\wluaspq.dir\debug\wluaspq.tlog\cl.read.1.tlog
f:\0\luaspq-1.1\luaspq-1.1\projectarm\wluaspq.dir\debug\wluaspq.tlog\cl.write.1.tlog
f:\0\luaspq-1.1\luaspq-1.1\projectarm\wluaspq.dir\debug\wluaspq.tlog\custombuild.command.1.tlog
f:\0\luaspq-1.1\luaspq-1.1\projectarm\wluaspq.dir\debug\wluaspq.tlog\custombuild.read.1.tlog
f:\0\luaspq-1.1\luaspq-1.1\projectarm\wluaspq.dir\debug\wluaspq.tlog\custombuild.write.1.tlog
f:\0\luaspq-1.1\luaspq-1.1\projectarm\wluaspq.dir\debug\wluaspq.tlog\link.command.1.tlog
f:\0\luaspq-1.1\luaspq-1.1\projectarm\wluaspq.dir\debug\wluaspq.tlog\link.read.1.tlog
f:\0\luaspq-1.1\luaspq-1.1\projectarm\wluaspq.dir\debug\wluaspq.tlog\link.write.1.tlog
f:\0\luaspq-1.1\luaspq-1.1\projectarm\wluaspq.dir\debug\wluaspq.tlog\rc.command.1.tlog
f:\0\luaspq-1.1\luaspq-1.1\projectarm\wluaspq.dir\debug\wluaspq.tlog\rc.read.1.tlog
f:\0\luaspq-1.1\luaspq-1.1\projectarm\wluaspq.dir\debug\wluaspq.tlog\rc.write.1.tlog
