f:\0\luaspq-1.1\luaspq-1.1\projectarm\luacspq.dir\debug\vc120.pdb
f:\0\luaspq-1.1\luaspq-1.1\projectarm\luacspq.dir\debug\lzio.obj
f:\0\luaspq-1.1\luaspq-1.1\projectarm\luacspq.dir\debug\lvm.obj
f:\0\luaspq-1.1\luaspq-1.1\projectarm\luacspq.dir\debug\lundump.obj
f:\0\luaspq-1.1\luaspq-1.1\projectarm\luacspq.dir\debug\ltm.obj
f:\0\luaspq-1.1\luaspq-1.1\projectarm\luacspq.dir\debug\ltable.obj
f:\0\luaspq-1.1\luaspq-1.1\projectarm\luacspq.dir\debug\lstring.obj
f:\0\luaspq-1.1\luaspq-1.1\projectarm\luacspq.dir\debug\lstate.obj
f:\0\luaspq-1.1\luaspq-1.1\projectarm\luacspq.dir\debug\lparser.obj
f:\0\luaspq-1.1\luaspq-1.1\projectarm\luacspq.dir\debug\lopcodes.obj
f:\0\luaspq-1.1\luaspq-1.1\projectarm\luacspq.dir\debug\lobject.obj
f:\0\luaspq-1.1\luaspq-1.1\projectarm\luacspq.dir\debug\lmem.obj
f:\0\luaspq-1.1\luaspq-1.1\projectarm\luacspq.dir\debug\llex.obj
f:\0\luaspq-1.1\luaspq-1.1\projectarm\luacspq.dir\debug\lgc.obj
f:\0\luaspq-1.1\luaspq-1.1\projectarm\luacspq.dir\debug\lfunc.obj
f:\0\luaspq-1.1\luaspq-1.1\projectarm\luacspq.dir\debug\ldump.obj
f:\0\luaspq-1.1\luaspq-1.1\projectarm\luacspq.dir\debug\ldo.obj
f:\0\luaspq-1.1\luaspq-1.1\projectarm\luacspq.dir\debug\ldebug.obj
f:\0\luaspq-1.1\luaspq-1.1\projectarm\luacspq.dir\debug\lctype.obj
f:\0\luaspq-1.1\luaspq-1.1\projectarm\luacspq.dir\debug\lcode.obj
f:\0\luaspq-1.1\luaspq-1.1\projectarm\luacspq.dir\debug\lapi.obj
f:\0\luaspq-1.1\luaspq-1.1\projectarm\luacspq.dir\debug\luac.obj
f:\0\luaspq-1.1\luaspq-1.1\projectarm\luacspq.dir\debug\loadlib_rel.obj
f:\0\luaspq-1.1\luaspq-1.1\projectarm\luacspq.dir\debug\lutf8lib.obj
f:\0\luaspq-1.1\luaspq-1.1\projectarm\luacspq.dir\debug\linit.obj
f:\0\luaspq-1.1\luaspq-1.1\projectarm\luacspq.dir\debug\ltablib.obj
f:\0\luaspq-1.1\luaspq-1.1\projectarm\luacspq.dir\debug\lstrlib.obj
f:\0\luaspq-1.1\luaspq-1.1\projectarm\luacspq.dir\debug\loslib.obj
f:\0\luaspq-1.1\luaspq-1.1\projectarm\luacspq.dir\debug\lmathlib.obj
f:\0\luaspq-1.1\luaspq-1.1\projectarm\luacspq.dir\debug\liolib.obj
f:\0\luaspq-1.1\luaspq-1.1\projectarm\luacspq.dir\debug\ldblib.obj
f:\0\luaspq-1.1\luaspq-1.1\projectarm\luacspq.dir\debug\lcorolib.obj
f:\0\luaspq-1.1\luaspq-1.1\projectarm\luacspq.dir\debug\lbitlib.obj
f:\0\luaspq-1.1\luaspq-1.1\projectarm\luacspq.dir\debug\lbaselib.obj
f:\0\luaspq-1.1\luaspq-1.1\projectarm\luacspq.dir\debug\lauxlib.obj
f:\0\luaspq-1.1\luaspq-1.1\projectarm\luacspq.dir\debug\lmathlibc.obj
f:\0\luaspq-1.1\luaspq-1.1\projectarm\cmakefiles\generate.stamp
f:\0\luaspq-1.1\luaspq-1.1\projectarm\debug\luacspq.ilk
f:\0\luaspq-1.1\luaspq-1.1\projectarm\debug\luacspq.exe
f:\0\luaspq-1.1\luaspq-1.1\projectarm\debug\luacspq.pdb
f:\0\luaspq-1.1\luaspq-1.1\projectarm\luacspq.dir\debug\luac.res
f:\0\luaspq-1.1\luaspq-1.1\projectarm\luacspq.dir\debug\luacspq.tlog\cl.command.1.tlog
f:\0\luaspq-1.1\luaspq-1.1\projectarm\luacspq.dir\debug\luacspq.tlog\cl.read.1.tlog
f:\0\luaspq-1.1\luaspq-1.1\projectarm\luacspq.dir\debug\luacspq.tlog\cl.write.1.tlog
f:\0\luaspq-1.1\luaspq-1.1\projectarm\luacspq.dir\debug\luacspq.tlog\custombuild.command.1.tlog
f:\0\luaspq-1.1\luaspq-1.1\projectarm\luacspq.dir\debug\luacspq.tlog\custombuild.read.1.tlog
f:\0\luaspq-1.1\luaspq-1.1\projectarm\luacspq.dir\debug\luacspq.tlog\custombuild.write.1.tlog
f:\0\luaspq-1.1\luaspq-1.1\projectarm\luacspq.dir\debug\luacspq.tlog\link.command.1.tlog
f:\0\luaspq-1.1\luaspq-1.1\projectarm\luacspq.dir\debug\luacspq.tlog\link.read.1.tlog
f:\0\luaspq-1.1\luaspq-1.1\projectarm\luacspq.dir\debug\luacspq.tlog\link.write.1.tlog
f:\0\luaspq-1.1\luaspq-1.1\projectarm\luacspq.dir\debug\luacspq.tlog\rc.command.1.tlog
f:\0\luaspq-1.1\luaspq-1.1\projectarm\luacspq.dir\debug\luacspq.tlog\rc.read.1.tlog
f:\0\luaspq-1.1\luaspq-1.1\projectarm\luacspq.dir\debug\luacspq.tlog\rc.write.1.tlog
