开始生成时的环境: 
ADSK_CLM_WPAD_PROXY_CHECK = FALSE
ALLUSERSPROFILE = C:\ProgramData
ANT_ROOT = C:\Cocos\tools\ant\bin
APPDATA = C:\Users\John\AppData\Roaming
asl.log = Destination=file
CLASSPATH = .;C:\Program Files (x86)\Java\jre1.8.0_91\lib\ext\QTJava.zip
COCOS_CONSOLE_ROOT = C:\Cocos\Cocos2d-x\Cocos2d-x-3.10\tools\cocos2d-console\bin
COCOS_FRAMEWORKS = C:\Cocos\frameworks
COCOS_TEMPLATES_ROOT = C:\Cocos\Cocos2d-x\Cocos2d-x-3.10\templates
COCOS_X_ROOT = C:\Cocos\Cocos2d-x
CodeContractsInstallDir = C:\Program Files (x86)\Microsoft\Contracts\
CommonProgramFiles = C:\Program Files (x86)\Common Files
CommonProgramFiles(x86) = C:\Program Files (x86)\Common Files
CommonProgramW6432 = C:\Program Files\Common Files
COMPUTERNAME = JOHN-PC
ComSpec = C:\windows\system32\cmd.exe
DEVPATH = C:\ProgramData\Red Gate\.NET Reflector\DevPath
DXSDK_DIR = C:\Program Files (x86)\Microsoft DirectX SDK (June 2010)\
FP_NO_HOST_CHECK = NO
FSHARPINSTALLDIR = C:\Program Files (x86)\Microsoft SDKs\F#\4.1\Framework\v4.0\
GTK_BASEPATH = C:\Program Files (x86)\GtkSharp\2.12\
HOMEDRIVE = C:
HOMEPATH = \Users\John
JAVA_HOME = C:\Program Files (x86)\Java\jdk1.8.0_91
LOCALAPPDATA = C:\Users\John\AppData\Local
LOGONSERVER = \\MicrosoftAccount
MGC_HOME = C:\MentorGraphics\9.5PADS\MGC_HOME.ixn
MSBuildLoadMicrosoftTargetsReadOnly = true
MSBuildTreatAllToolsVersionsAsCurrent = true
NUMBER_OF_PROCESSORS = 4
OPENSSL_CONF = C:\OpenSSL-Win64\bin\openssl.cfg
OS = Windows_NT
PADS_PROGRAMS = Programs
PADS_ROOT = C:\MentorGraphics\9.5PADS\SDD_HOME
Path = E:\Microsoft Visual Studio 12.0\Common7\IDE\CommonExtensions\Microsoft\TeamFoundation\Team Explorer\NativeBinaries/x86;C:\Perl\site\bin;C:\Perl\bin;C:\Perl64\site\bin;C:\Perl64\bin;C:\ProgramData\Oracle\Java\javapath;C:\MentorGraphics\9.5PADS\SDD_HOME\common\win32\bin;C:\MentorGraphics\9.5PADS\SDD_HOME\common\win32\lib;C:\MentorGraphics\9.5PADS\MGC_HOME.ixn\bin;C:\MentorGraphics\9.5PADS\MGC_HOME.ixn\lib;C:\windows\system32;C:\windows;C:\windows\System32\Wbem;C:\Program Files\dotnet\;C:\Program Files\Microsoft SQL Server\130\Tools\Binn\;C:\Program Files (x86)\Microsoft SQL Server\100\Tools\Binn\;C:\Program Files\Microsoft SQL Server\100\Tools\Binn\;C:\Program Files\Microsoft SQL Server\100\DTS\Binn\;E:\MySQL\MySQL Server 5.7\bin;C:\Program Files\TortoiseSVN\bin;C:\Program Files\MySQL\MySQL Utilities 1.6\;C:\Program Files (x86)\OpenVPN\bin;C:\Program Files\Git\bin;C:\WINDOWS\Microsoft.NET\Framework\v4.0.30319;C:\Users\John\AppData\Local\nasm;C:\Users\John\AppData\Local\Programs\Python\Python36\Scripts\;C:\Users\John\AppData\Local\Programs\Python\Python36\;C:\Users\John\AppData\Local\Programs\Python\Python35\Scripts\;C:\Users\John\AppData\Local\Programs\Python\Python35\;C:\Cocos\Cocos2d-x\Cocos2d-x-3.10\tools\cocos2d-console\bin;C:\Cocos\Cocos2d-x\Cocos2d-x-3.10\templates;C:\Program Files (x86)\Microsoft VS Code\bin;C:\Cocos\tools\Python27;C:\Users\John\AppData\Roaming\npm
PATHEXT = .COM;.EXE;.BAT;.CMD;.VBS;.VBE;.JS;.JSE;.WSF;.WSH;.MSC;.PY
PkgDefApplicationConfigFile = C:\Users\John\AppData\Local\Microsoft\VisualStudio\12.0\devenv.exe.config
PROCESSOR_ARCHITECTURE = x86
PROCESSOR_ARCHITEW6432 = AMD64
PROCESSOR_IDENTIFIER = Intel64 Family 6 Model 42 Stepping 7, GenuineIntel
PROCESSOR_LEVEL = 6
PROCESSOR_REVISION = 2a07
ProgramData = C:\ProgramData
ProgramFiles = C:\Program Files (x86)
ProgramFiles(x86) = C:\Program Files (x86)
ProgramW6432 = C:\Program Files
PSModulePath = C:\windows\system32\WindowsPowerShell\v1.0\Modules\;C:\Program Files\WindowsPowerShell\Modules\;C:\Program Files (x86)\Microsoft SDKs\Azure\PowerShell\ResourceManager\AzureResourceManager\;C:\Program Files (x86)\Microsoft SDKs\Azure\PowerShell\ServiceManagement\;C:\Program Files (x86)\Microsoft SDKs\Azure\PowerShell\Storage\
PUBLIC = C:\Users\Public
QTJAVA = C:\Program Files (x86)\Java\jre1.8.0_91\lib\ext\QTJava.zip
SDD_CES = ces
SDD_COMMON_BIN = C:\MentorGraphics\9.5PADS\SDD_HOME\common\win32\bin
SDD_DOC_UTILS = doc_utils
SDD_HOME = C:\MentorGraphics\9.5PADS\SDD_HOME
SDD_HSSD = hssd
SDD_ICDB = iCDB
SDD_LOCAL = C:\Documents and Settings\All Users\Application Data\mgc\win32\9.5PADS
SDD_MGC_HOME = ..\MGC_HOME.ixn
SDD_PADS = pads
SDD_PLATFORM = win32
SDD_START = start
SDD_STARTBAT = start /b /wait
SDD_TRN = translators
SDD_VCD = camcad
SDD_VERSION = 9.5PADS
SDD_WG = wg
SDD_WV = wv
SESSIONNAME = Console
SystemDrive = C:
SystemRoot = C:\windows
TEMP = C:\Users\John\AppData\Local\Temp
TMP = C:\Users\John\AppData\Local\Temp
USERDOMAIN = JOHN-PC
USERDOMAIN_ROAMINGPROFILE = JOHN-PC
USERNAME = John
USERPROFILE = C:\Users\John
USER_DIR = F:\signed_devices
VisualStudioDir = C:\Users\John\Documents\Visual Studio 2013
VisualStudioEdition = Microsoft Visual Studio Ultimate 2013
VisualStudioVersion = 12.0
VS100COMNTOOLS = e:\Microsoft Visual Studio 10.0\Common7\Tools\
VS110COMNTOOLS = C:\Program Files (x86)\Microsoft Visual Studio 11.0\Common7\Tools\
VS120COMNTOOLS = C:\Program Files (x86)\Microsoft Visual Studio 12.0\Common7\Tools\
VS140COMNTOOLS = C:\Program Files (x86)\Microsoft Visual Studio 14.0\Common7\Tools\
VSLANG = 2052
VSPID = 8104
VSSDK100Install = C:\Program Files (x86)\Microsoft Visual Studio 2010 SDK SP1\
VSSDK120Install = E:\Microsoft Visual Studio 12.0\VSSDK\
WDIR = D:\PADS Projects;C:\MentorGraphics\9.5PADS\SDD_HOME\standard
WF_CLASSPATH = C:\MentorGraphics\9.5PADS\SDD_HOME\common\win32\lib
windir = C:\windows
windows_tracing_flags = 3
windows_tracing_logfile = C:\BVTBin\Tests\installpackage\csilogfile.log
WIX = C:\Program Files (x86)\WiX Toolset v3.11\
XNAGSShared = C:\Program Files (x86)\Common Files\Microsoft Shared\XNA\

  Building Custom Rule F:/0/luaspq-1.1/luaspq-1.1/CMakeLists.txt
  CMake does not need to re-run because F:\0\luaspq-1.1\luaspq-1.1\projectarm\CMakeFiles\generate.stamp is up-to-date.
  lapi.c
  lcode.c
  lctype.c
  ldebug.c
  ldo.c
  ldump.c
  lfunc.c
  lgc.c
  llex.c
  lmem.c
  lobject.c
  lopcodes.c
  lparser.c
  lstate.c
  lstring.c
  ltable.c
  ltm.c
  lundump.c
  lvm.c
  lzio.c
  正在生成代码...
  正在编译...
  lmathlibc.c
  lauxlib.c
  lbaselib.c
F:\0\luaspq-1.1\luaspq-1.1\src\lbaselib.c(583): warning C4129: “ ”: 不可识别的字符转义序列
F:\0\luaspq-1.1\luaspq-1.1\src\lbaselib.c(583): warning C4566: 由通用字符名称“\u0153”表示的字符不能在当前代码页(936)中表示出来
F:\0\luaspq-1.1\luaspq-1.1\src\lbaselib.c(586): warning C4566: 由通用字符名称“\u0153”表示的字符不能在当前代码页(936)中表示出来
F:\0\luaspq-1.1\luaspq-1.1\src\lbaselib.c(590): warning C4566: 由通用字符名称“\u00EE”表示的字符不能在当前代码页(936)中表示出来
F:\0\luaspq-1.1\luaspq-1.1\src\lbaselib.c(593): warning C4566: 由通用字符名称“\u00C0”表示的字符不能在当前代码页(936)中表示出来
F:\0\luaspq-1.1\luaspq-1.1\src\lbaselib.c(594): warning C4566: 由通用字符名称“\u00EE”表示的字符不能在当前代码页(936)中表示出来
F:\0\luaspq-1.1\luaspq-1.1\src\lbaselib.c(594): warning C4129: “ ”: 不可识别的字符转义序列
F:\0\luaspq-1.1\luaspq-1.1\src\lbaselib.c(595): warning C4566: 由通用字符名称“\u00EE”表示的字符不能在当前代码页(936)中表示出来
F:\0\luaspq-1.1\luaspq-1.1\src\lbaselib.c(602): warning C4129: “.”: 不可识别的字符转义序列
F:\0\luaspq-1.1\luaspq-1.1\src\lbaselib.c(603): warning C4129: “ ”: 不可识别的字符转义序列
F:\0\luaspq-1.1\luaspq-1.1\src\lbaselib.c(603): warning C4566: 由通用字符名称“\u00EE”表示的字符不能在当前代码页(936)中表示出来
F:\0\luaspq-1.1\luaspq-1.1\src\lbaselib.c(604): warning C4129: “ ”: 不可识别的字符转义序列
F:\0\luaspq-1.1\luaspq-1.1\src\lbaselib.c(605): warning C4566: 由通用字符名称“\u00EE”表示的字符不能在当前代码页(936)中表示出来
F:\0\luaspq-1.1\luaspq-1.1\src\lbaselib.c(605): warning C4129: “ ”: 不可识别的字符转义序列
F:\0\luaspq-1.1\luaspq-1.1\src\lbaselib.c(606): warning C4566: 由通用字符名称“\u00EE”表示的字符不能在当前代码页(936)中表示出来
  lbitlib.c
  lcorolib.c
  ldblib.c
  liolib.c
  lmathlib.c
F:\0\luaspq-1.1\luaspq-1.1\src\lmathlib.c(322): warning C4244: “函数”: 从“lua_Number”转换到“int”，可能丢失数据
  loslib.c
  lstrlib.c
  ltablib.c
  linit.c
  lutf8lib.c
  loadlib_rel.c
  luac.c
  正在生成代码...
  luacspq.vcxproj -> F:\0\luaspq-1.1\luaspq-1.1\projectarm\Release\luacspq.exe
